2020-03-25 16:49:46: server error [Error: ENOENT: no such file or directory, stat '/Users/hinioa/Documents/Workspace/MES Refactoring/Source Code/mes_back_end/views/index.pug'] {
  errno: -2,
  code: 'ENOENT',
  syscall: 'stat',
  path: '/Users/hinioa/Documents/Workspace/MES Refactoring/Source Code/mes_back_end/views/index.pug'
} {
  request: {
    method: 'GET',
    url: '/',
    header: {
      host: 'localhost:8000',
      connection: 'keep-alive',
      'upgrade-insecure-requests': '1',
      'user-agent': 'Mozilla/5.0 (Macintosh; Intel Mac OS X 10_15_3) AppleWebKit/537.36 (KHTML, like Gecko) Chrome/80.0.3987.149 Safari/537.36',
      'sec-fetch-dest': 'document',
      accept: 'text/html,application/xhtml+xml,application/xml;q=0.9,image/webp,image/apng,*/*;q=0.8,application/signed-exchange;v=b3;q=0.9',
      'sec-fetch-site': 'none',
      'sec-fetch-mode': 'navigate',
      'sec-fetch-user': '?1',
      'accept-encoding': 'gzip, deflate, br',
      'accept-language': 'zh-CN,zh;q=0.9',
      cookie: 'koa.sid=5yvBMY3lCkNkcl8vYUUtvEg15DkXHRil; koa.sid.sig=d9Zzl-F8Vm1ceHmMUU9YPPnYsQU'
    }
  },
  response: {
    status: 404,
    message: 'Not Found',
    header: [Object: null prototype] {}
  },
  app: { subdomainOffset: 2, proxy: false, env: 'prd' },
  originalUrl: '/',
  req: '<original node req>',
  res: '<original node res>',
  socket: '<original node socket>'
}
